<?xml version="1.0" encoding="UTF-8"?>
<!-- Generated by org.testng.reporters.JUnitReportReporter -->
<testsuite hostname="LAPTOP-LH52QS4R" failures="0" tests="1" name="Appium.FirstAppiumProject.FirstTestingAppuim" time="18.076" errors="0" timestamp="2022-08-22T19:49:14 AST" skipped="0">
  <testcase classname="Appium.FirstAppiumProject.FirstTestingAppuim" name="firstTestingAppuim" time="18.076"/>
  <system-out/>
</testsuite> <!-- Appium.FirstAppiumProject.FirstTestingAppuim -->
